2013/07/08 09:33:16 [error] [system.db.CDbCommand] CDbCommand::execute() failed: SQLSTATE[22007]: Invalid datetime format: 7 ERROR:  invalid input syntax for type timestamp: ""
LINE 1: ...iption") VALUES (1, 1, '1', '20 July 2012 17:10:00', '', '')
                                                                ^. The SQL statement executed was: INSERT INTO "time_clock" ("personid", "institutionid", "activityid", "starttime", "endtime", "description") VALUES (:yp0, :yp1, :yp2, :yp3, :yp4, :yp5).
in /Applications/mappstack-5.4.15-0/apache2/htdocs/timecontrol_v1.0/protected/controllers/ClockController.php (72)
in /Applications/mappstack-5.4.15-0/apache2/htdocs/timecontrol_v1.0/index.php (13)
2013/07/08 09:33:16 [error] [exception.CDbException] exception 'CDbException' with message 'CDbCommand failed to execute the SQL statement: SQLSTATE[22007]: Invalid datetime format: 7 ERROR:  invalid input syntax for type timestamp: ""
LINE 1: ...iption") VALUES (1, 1, '1', '20 July 2012 17:10:00', '', '')
                                                                ^. The SQL statement executed was: INSERT INTO "time_clock" ("personid", "institutionid", "activityid", "starttime", "endtime", "description") VALUES (:yp0, :yp1, :yp2, :yp3, :yp4, :yp5)' in /Applications/mappstack-5.4.15-0/apache2/htdocs/yii/framework/db/CDbCommand.php:357
Stack trace:
#0 /Applications/mappstack-5.4.15-0/apache2/htdocs/yii/framework/db/ar/CActiveRecord.php(1023): CDbCommand->execute()
#1 /Applications/mappstack-5.4.15-0/apache2/htdocs/yii/framework/db/ar/CActiveRecord.php(795): CActiveRecord->insert(NULL)
#2 /Applications/mappstack-5.4.15-0/apache2/htdocs/timecontrol_v1.0/protected/controllers/ClockController.php(72): CActiveRecord->save()
#3 /Applications/mappstack-5.4.15-0/apache2/htdocs/yii/framework/web/actions/CInlineAction.php(49): ClockController->actionCreate()
#4 /Applications/mappstack-5.4.15-0/apache2/htdocs/yii/framework/web/CController.php(308): CInlineAction->runWithParams(Array)
#5 /Applications/mappstack-5.4.15-0/apache2/htdocs/yii/framework/web/filters/CFilterChain.php(133): CController->runAction(Object(CInlineAction))
#6 /Applications/mappstack-5.4.15-0/apache2/htdocs/yii/framework/web/filters/CFilter.php(40): CFilterChain->run()
#7 /Applications/mappstack-5.4.15-0/apache2/htdocs/yii/framework/web/CController.php(1145): CFilter->filter(Object(CFilterChain))
#8 /Applications/mappstack-5.4.15-0/apache2/htdocs/yii/framework/web/filters/CInlineFilter.php(58): CController->filterAccessControl(Object(CFilterChain))
#9 /Applications/mappstack-5.4.15-0/apache2/htdocs/yii/framework/web/filters/CFilterChain.php(130): CInlineFilter->filter(Object(CFilterChain))
#10 /Applications/mappstack-5.4.15-0/apache2/htdocs/yii/framework/web/CController.php(291): CFilterChain->run()
#11 /Applications/mappstack-5.4.15-0/apache2/htdocs/yii/framework/web/CController.php(265): CController->runActionWithFilters(Object(CInlineAction), Array)
#12 /Applications/mappstack-5.4.15-0/apache2/htdocs/yii/framework/web/CWebApplication.php(282): CController->run('create')
#13 /Applications/mappstack-5.4.15-0/apache2/htdocs/yii/framework/web/CWebApplication.php(141): CWebApplication->runController('clock/create')
#14 /Applications/mappstack-5.4.15-0/apache2/htdocs/yii/framework/base/CApplication.php(169): CWebApplication->processRequest()
#15 /Applications/mappstack-5.4.15-0/apache2/htdocs/timecontrol_v1.0/index.php(13): CApplication->run()
#16 {main}
REQUEST_URI=/timecontrol_v1.0/index.php/clock/create
HTTP_REFERER=http://localhost:8080/timecontrol_v1.0/index.php/clock/create
---
2013/07/08 09:36:19 [error] [exception.CHttpException.404] exception 'CHttpException' with message 'The system is unable to find the requested action "roleid".' in /Applications/mappstack-5.4.15-0/apache2/htdocs/yii/framework/web/CController.php:483
Stack trace:
#0 /Applications/mappstack-5.4.15-0/apache2/htdocs/yii/framework/web/CController.php(270): CController->missingAction('roleid')
#1 /Applications/mappstack-5.4.15-0/apache2/htdocs/yii/framework/web/CWebApplication.php(282): CController->run('roleid')
#2 /Applications/mappstack-5.4.15-0/apache2/htdocs/yii/framework/web/CWebApplication.php(141): CWebApplication->runController('User/roleid')
#3 /Applications/mappstack-5.4.15-0/apache2/htdocs/yii/framework/base/CApplication.php(169): CWebApplication->processRequest()
#4 /Applications/mappstack-5.4.15-0/apache2/htdocs/timecontrol_v1.0/index.php(13): CApplication->run()
#5 {main}
REQUEST_URI=/timecontrol_v1.0/index.php/User/roleid/1
---
2013/07/14 06:32:19 [error] [exception.CHttpException.403] exception 'CHttpException' with message 'You are not allowed to access this page.' in /Applications/mappstack-5.4.15-0/apache2/htdocs/yii/framework/gii/GiiModule.php:168
Stack trace:
#0 /Applications/mappstack-5.4.15-0/apache2/htdocs/yii/framework/web/CController.php(263): GiiModule->beforeControllerAction(Object(ModelGenerator), Object(CInlineAction))
#1 /Applications/mappstack-5.4.15-0/apache2/htdocs/yii/framework/web/CWebApplication.php(282): CController->run('')
#2 /Applications/mappstack-5.4.15-0/apache2/htdocs/yii/framework/web/CWebApplication.php(141): CWebApplication->runController('gii/model')
#3 /Applications/mappstack-5.4.15-0/apache2/htdocs/yii/framework/base/CApplication.php(169): CWebApplication->processRequest()
#4 /Applications/mappstack-5.4.15-0/apache2/htdocs/timecontrol_v1.0/index.php(13): CApplication->run()
#5 {main}
REQUEST_URI=/timecontrol_v1.0/index.php/gii/model
---
2013/07/14 06:43:25 [error] [exception.CHttpException.400] exception 'CHttpException' with message 'Your request is invalid.' in /Applications/mappstack-5.4.15-0/apache2/htdocs/yii/framework/web/CController.php:336
Stack trace:
#0 /Applications/mappstack-5.4.15-0/apache2/htdocs/yii/framework/web/CController.php(309): CController->invalidActionParams(Object(CInlineAction))
#1 /Applications/mappstack-5.4.15-0/apache2/htdocs/yii/framework/web/filters/CFilterChain.php(133): CController->runAction(Object(CInlineAction))
#2 /Applications/mappstack-5.4.15-0/apache2/htdocs/yii/framework/web/filters/CFilter.php(40): CFilterChain->run()
#3 /Applications/mappstack-5.4.15-0/apache2/htdocs/yii/framework/web/CController.php(1145): CFilter->filter(Object(CFilterChain))
#4 /Applications/mappstack-5.4.15-0/apache2/htdocs/yii/framework/web/filters/CInlineFilter.php(58): CController->filterAccessControl(Object(CFilterChain))
#5 /Applications/mappstack-5.4.15-0/apache2/htdocs/yii/framework/web/filters/CFilterChain.php(130): CInlineFilter->filter(Object(CFilterChain))
#6 /Applications/mappstack-5.4.15-0/apache2/htdocs/yii/framework/web/CController.php(291): CFilterChain->run()
#7 /Applications/mappstack-5.4.15-0/apache2/htdocs/yii/framework/web/CController.php(265): CController->runActionWithFilters(Object(CInlineAction), Array)
#8 /Applications/mappstack-5.4.15-0/apache2/htdocs/yii/framework/web/CWebApplication.php(282): CController->run('view')
#9 /Applications/mappstack-5.4.15-0/apache2/htdocs/yii/framework/web/CWebApplication.php(141): CWebApplication->runController('user/view')
#10 /Applications/mappstack-5.4.15-0/apache2/htdocs/yii/framework/base/CApplication.php(169): CWebApplication->processRequest()
#11 /Applications/mappstack-5.4.15-0/apache2/htdocs/timecontrol_v1.0/index.php(13): CApplication->run()
#12 {main}
REQUEST_URI=/timecontrol_v1.0/index.php/user/view
---
2013/07/14 08:32:31 [error] [exception.CHttpException.404] exception 'CHttpException' with message 'The system is unable to find the requested action "user".' in /Applications/mappstack-5.4.15-0/apache2/htdocs/yii/framework/web/CController.php:483
Stack trace:
#0 /Applications/mappstack-5.4.15-0/apache2/htdocs/yii/framework/web/CController.php(270): CController->missingAction('user')
#1 /Applications/mappstack-5.4.15-0/apache2/htdocs/yii/framework/web/CWebApplication.php(282): CController->run('user')
#2 /Applications/mappstack-5.4.15-0/apache2/htdocs/yii/framework/web/CWebApplication.php(141): CWebApplication->runController('site/user')
#3 /Applications/mappstack-5.4.15-0/apache2/htdocs/yii/framework/base/CApplication.php(169): CWebApplication->processRequest()
#4 /Applications/mappstack-5.4.15-0/apache2/htdocs/timecontrol_v1.0/index.php(13): CApplication->run()
#5 {main}
REQUEST_URI=/timecontrol_v1.0/index.php/site/user
HTTP_REFERER=http://localhost:8080/timecontrol_v1.0/index.php
---
2013/07/14 08:32:56 [error] [exception.CHttpException.404] exception 'CHttpException' with message 'The system is unable to find the requested action "user".' in /Applications/mappstack-5.4.15-0/apache2/htdocs/yii/framework/web/CController.php:483
Stack trace:
#0 /Applications/mappstack-5.4.15-0/apache2/htdocs/yii/framework/web/CController.php(270): CController->missingAction('user')
#1 /Applications/mappstack-5.4.15-0/apache2/htdocs/yii/framework/web/CWebApplication.php(282): CController->run('user')
#2 /Applications/mappstack-5.4.15-0/apache2/htdocs/yii/framework/web/CWebApplication.php(141): CWebApplication->runController('site/user')
#3 /Applications/mappstack-5.4.15-0/apache2/htdocs/yii/framework/base/CApplication.php(169): CWebApplication->processRequest()
#4 /Applications/mappstack-5.4.15-0/apache2/htdocs/timecontrol_v1.0/index.php(13): CApplication->run()
#5 {main}
REQUEST_URI=/timecontrol_v1.0/index.php/site/user
HTTP_REFERER=http://localhost:8080/timecontrol_v1.0/index.php
---
2013/07/14 08:32:59 [error] [exception.CHttpException.404] exception 'CHttpException' with message 'The system is unable to find the requested action "person".' in /Applications/mappstack-5.4.15-0/apache2/htdocs/yii/framework/web/CController.php:483
Stack trace:
#0 /Applications/mappstack-5.4.15-0/apache2/htdocs/yii/framework/web/CController.php(270): CController->missingAction('person')
#1 /Applications/mappstack-5.4.15-0/apache2/htdocs/yii/framework/web/CWebApplication.php(282): CController->run('person')
#2 /Applications/mappstack-5.4.15-0/apache2/htdocs/yii/framework/web/CWebApplication.php(141): CWebApplication->runController('site/person')
#3 /Applications/mappstack-5.4.15-0/apache2/htdocs/yii/framework/base/CApplication.php(169): CWebApplication->processRequest()
#4 /Applications/mappstack-5.4.15-0/apache2/htdocs/timecontrol_v1.0/index.php(13): CApplication->run()
#5 {main}
REQUEST_URI=/timecontrol_v1.0/index.php/site/person
HTTP_REFERER=http://localhost:8080/timecontrol_v1.0/index.php/site/user
---
2013/07/14 08:33:00 [error] [exception.CHttpException.404] exception 'CHttpException' with message 'The system is unable to find the requested action "user".' in /Applications/mappstack-5.4.15-0/apache2/htdocs/yii/framework/web/CController.php:483
Stack trace:
#0 /Applications/mappstack-5.4.15-0/apache2/htdocs/yii/framework/web/CController.php(270): CController->missingAction('user')
#1 /Applications/mappstack-5.4.15-0/apache2/htdocs/yii/framework/web/CWebApplication.php(282): CController->run('user')
#2 /Applications/mappstack-5.4.15-0/apache2/htdocs/yii/framework/web/CWebApplication.php(141): CWebApplication->runController('site/user')
#3 /Applications/mappstack-5.4.15-0/apache2/htdocs/yii/framework/base/CApplication.php(169): CWebApplication->processRequest()
#4 /Applications/mappstack-5.4.15-0/apache2/htdocs/timecontrol_v1.0/index.php(13): CApplication->run()
#5 {main}
REQUEST_URI=/timecontrol_v1.0/index.php/site/user
HTTP_REFERER=http://localhost:8080/timecontrol_v1.0/index.php/site/person
---
2013/07/15 09:48:38 [error] [exception.CHttpException.404] exception 'CHttpException' with message 'Unable to resolve the request "users".' in /Applications/mappstack-5.4.15-0/apache2/htdocs/yii/framework/web/CWebApplication.php:286
Stack trace:
#0 /Applications/mappstack-5.4.15-0/apache2/htdocs/yii/framework/web/CWebApplication.php(141): CWebApplication->runController('users')
#1 /Applications/mappstack-5.4.15-0/apache2/htdocs/yii/framework/base/CApplication.php(169): CWebApplication->processRequest()
#2 /Applications/mappstack-5.4.15-0/apache2/htdocs/timecontrol_v1.0/index.php(13): CApplication->run()
#3 {main}
REQUEST_URI=/timecontrol_v1.0/index.php/users
---
2013/07/15 09:48:48 [error] [exception.CHttpException.403] exception 'CHttpException' with message 'You are not authorized to perform this action.' in /Applications/mappstack-5.4.15-0/apache2/htdocs/yii/framework/web/auth/CAccessControlFilter.php:179
Stack trace:
#0 /Applications/mappstack-5.4.15-0/apache2/htdocs/yii/framework/web/auth/CAccessControlFilter.php(142): CAccessControlFilter->accessDenied(Object(CWebUser), 'You are not aut...')
#1 /Applications/mappstack-5.4.15-0/apache2/htdocs/yii/framework/web/filters/CFilter.php(38): CAccessControlFilter->preFilter(Object(CFilterChain))
#2 /Applications/mappstack-5.4.15-0/apache2/htdocs/yii/framework/web/CController.php(1145): CFilter->filter(Object(CFilterChain))
#3 /Applications/mappstack-5.4.15-0/apache2/htdocs/yii/framework/web/filters/CInlineFilter.php(58): CController->filterAccessControl(Object(CFilterChain))
#4 /Applications/mappstack-5.4.15-0/apache2/htdocs/yii/framework/web/filters/CFilterChain.php(130): CInlineFilter->filter(Object(CFilterChain))
#5 /Applications/mappstack-5.4.15-0/apache2/htdocs/yii/framework/web/CController.php(291): CFilterChain->run()
#6 /Applications/mappstack-5.4.15-0/apache2/htdocs/yii/framework/web/CController.php(265): CController->runActionWithFilters(Object(CInlineAction), Array)
#7 /Applications/mappstack-5.4.15-0/apache2/htdocs/yii/framework/web/CWebApplication.php(282): CController->run('admin')
#8 /Applications/mappstack-5.4.15-0/apache2/htdocs/yii/framework/web/CWebApplication.php(141): CWebApplication->runController('user/admin')
#9 /Applications/mappstack-5.4.15-0/apache2/htdocs/yii/framework/base/CApplication.php(169): CWebApplication->processRequest()
#10 /Applications/mappstack-5.4.15-0/apache2/htdocs/timecontrol_v1.0/index.php(13): CApplication->run()
#11 {main}
REQUEST_URI=/timecontrol_v1.0/index.php/user/admin
HTTP_REFERER=http://localhost:8080/timecontrol_v1.0/index.php/user
---
2013/07/16 01:10:50 [error] [exception.CHttpException.403] exception 'CHttpException' with message 'You are not authorized to perform this action.' in /Applications/mappstack-5.4.15-0/apache2/htdocs/yii/framework/web/auth/CAccessControlFilter.php:179
Stack trace:
#0 /Applications/mappstack-5.4.15-0/apache2/htdocs/yii/framework/web/auth/CAccessControlFilter.php(142): CAccessControlFilter->accessDenied(Object(CWebUser), 'You are not aut...')
#1 /Applications/mappstack-5.4.15-0/apache2/htdocs/yii/framework/web/filters/CFilter.php(38): CAccessControlFilter->preFilter(Object(CFilterChain))
#2 /Applications/mappstack-5.4.15-0/apache2/htdocs/yii/framework/web/CController.php(1145): CFilter->filter(Object(CFilterChain))
#3 /Applications/mappstack-5.4.15-0/apache2/htdocs/yii/framework/web/filters/CInlineFilter.php(58): CController->filterAccessControl(Object(CFilterChain))
#4 /Applications/mappstack-5.4.15-0/apache2/htdocs/yii/framework/web/filters/CFilterChain.php(130): CInlineFilter->filter(Object(CFilterChain))
#5 /Applications/mappstack-5.4.15-0/apache2/htdocs/yii/framework/web/CController.php(291): CFilterChain->run()
#6 /Applications/mappstack-5.4.15-0/apache2/htdocs/yii/framework/web/CController.php(265): CController->runActionWithFilters(Object(CInlineAction), Array)
#7 /Applications/mappstack-5.4.15-0/apache2/htdocs/yii/framework/web/CWebApplication.php(282): CController->run('admin')
#8 /Applications/mappstack-5.4.15-0/apache2/htdocs/yii/framework/web/CWebApplication.php(141): CWebApplication->runController('project/admin')
#9 /Applications/mappstack-5.4.15-0/apache2/htdocs/yii/framework/base/CApplication.php(169): CWebApplication->processRequest()
#10 /Applications/mappstack-5.4.15-0/apache2/htdocs/timecontrol_v1.0/index.php(13): CApplication->run()
#11 {main}
REQUEST_URI=/timecontrol_v1.0/index.php/project/admin
HTTP_REFERER=http://localhost:8080/timecontrol_v1.0/index.php/project
---
2013/07/16 02:21:56 [error] [exception.CHttpException.403] exception 'CHttpException' with message 'You are not authorized to perform this action.' in /Applications/mappstack-5.4.15-0/apache2/htdocs/yii/framework/web/auth/CAccessControlFilter.php:179
Stack trace:
#0 /Applications/mappstack-5.4.15-0/apache2/htdocs/yii/framework/web/auth/CAccessControlFilter.php(142): CAccessControlFilter->accessDenied(Object(CWebUser), 'You are not aut...')
#1 /Applications/mappstack-5.4.15-0/apache2/htdocs/yii/framework/web/filters/CFilter.php(38): CAccessControlFilter->preFilter(Object(CFilterChain))
#2 /Applications/mappstack-5.4.15-0/apache2/htdocs/yii/framework/web/CController.php(1145): CFilter->filter(Object(CFilterChain))
#3 /Applications/mappstack-5.4.15-0/apache2/htdocs/yii/framework/web/filters/CInlineFilter.php(58): CController->filterAccessControl(Object(CFilterChain))
#4 /Applications/mappstack-5.4.15-0/apache2/htdocs/yii/framework/web/filters/CFilterChain.php(130): CInlineFilter->filter(Object(CFilterChain))
#5 /Applications/mappstack-5.4.15-0/apache2/htdocs/yii/framework/web/CController.php(291): CFilterChain->run()
#6 /Applications/mappstack-5.4.15-0/apache2/htdocs/yii/framework/web/CController.php(265): CController->runActionWithFilters(Object(CInlineAction), Array)
#7 /Applications/mappstack-5.4.15-0/apache2/htdocs/yii/framework/web/CWebApplication.php(282): CController->run('admin')
#8 /Applications/mappstack-5.4.15-0/apache2/htdocs/yii/framework/web/CWebApplication.php(141): CWebApplication->runController('bankAccount/adm...')
#9 /Applications/mappstack-5.4.15-0/apache2/htdocs/yii/framework/base/CApplication.php(169): CWebApplication->processRequest()
#10 /Applications/mappstack-5.4.15-0/apache2/htdocs/timecontrol_v1.0/index.php(13): CApplication->run()
#11 {main}
REQUEST_URI=/timecontrol_v1.0/index.php/bankAccount/admin
HTTP_REFERER=http://localhost:8080/timecontrol_v1.0/index.php/bankAccount
---
2013/08/19 09:40:43 [error] [exception.CHttpException.403] exception 'CHttpException' with message 'You are not authorized to perform this action.' in /Applications/mappstack-5.4.15-0/apache2/htdocs/yii/framework/web/auth/CAccessControlFilter.php:179
Stack trace:
#0 /Applications/mappstack-5.4.15-0/apache2/htdocs/yii/framework/web/auth/CAccessControlFilter.php(142): CAccessControlFilter->accessDenied(Object(CWebUser), 'You are not aut...')
#1 /Applications/mappstack-5.4.15-0/apache2/htdocs/yii/framework/web/filters/CFilter.php(38): CAccessControlFilter->preFilter(Object(CFilterChain))
#2 /Applications/mappstack-5.4.15-0/apache2/htdocs/yii/framework/web/CController.php(1145): CFilter->filter(Object(CFilterChain))
#3 /Applications/mappstack-5.4.15-0/apache2/htdocs/yii/framework/web/filters/CInlineFilter.php(58): CController->filterAccessControl(Object(CFilterChain))
#4 /Applications/mappstack-5.4.15-0/apache2/htdocs/yii/framework/web/filters/CFilterChain.php(130): CInlineFilter->filter(Object(CFilterChain))
#5 /Applications/mappstack-5.4.15-0/apache2/htdocs/yii/framework/web/CController.php(291): CFilterChain->run()
#6 /Applications/mappstack-5.4.15-0/apache2/htdocs/yii/framework/web/CController.php(265): CController->runActionWithFilters(Object(CInlineAction), Array)
#7 /Applications/mappstack-5.4.15-0/apache2/htdocs/yii/framework/web/CWebApplication.php(282): CController->run('admin')
#8 /Applications/mappstack-5.4.15-0/apache2/htdocs/yii/framework/web/CWebApplication.php(141): CWebApplication->runController('role/admin')
#9 /Applications/mappstack-5.4.15-0/apache2/htdocs/yii/framework/base/CApplication.php(169): CWebApplication->processRequest()
#10 /Applications/mappstack-5.4.15-0/apache2/htdocs/timecontrol_v1.0/index.php(13): CApplication->run()
#11 {main}
REQUEST_URI=/timecontrol_v1.0/index.php/role/admin
HTTP_REFERER=http://localhost:8080/timecontrol_v1.0/index.php/role
---
2013/08/19 09:53:44 [warning] [application] Failed to set unsafe attribute "personid" of "User".
in /Applications/mappstack-5.4.15-0/apache2/htdocs/timecontrol_v1.0/protected/controllers/UserController.php (71)
in /Applications/mappstack-5.4.15-0/apache2/htdocs/timecontrol_v1.0/index.php (13)
2013/08/19 09:53:44 [error] [system.db.CDbCommand] CDbCommand::execute() failed: SQLSTATE[23502]: Not null violation: 7 ERROR:  null value in column "personid" violates not-null constraint
DETAIL:  Failing row contains (null, admin, ersgmbh, 1).. The SQL statement executed was: INSERT INTO "time_users" ("login", "password", "roleid") VALUES (:yp0, :yp1, :yp2).
in /Applications/mappstack-5.4.15-0/apache2/htdocs/timecontrol_v1.0/protected/controllers/UserController.php (72)
in /Applications/mappstack-5.4.15-0/apache2/htdocs/timecontrol_v1.0/index.php (13)
2013/08/19 09:53:44 [error] [exception.CDbException] exception 'CDbException' with message 'CDbCommand failed to execute the SQL statement: SQLSTATE[23502]: Not null violation: 7 ERROR:  null value in column "personid" violates not-null constraint
DETAIL:  Failing row contains (null, admin, ersgmbh, 1).. The SQL statement executed was: INSERT INTO "time_users" ("login", "password", "roleid") VALUES (:yp0, :yp1, :yp2)' in /Applications/mappstack-5.4.15-0/apache2/htdocs/yii/framework/db/CDbCommand.php:357
Stack trace:
#0 /Applications/mappstack-5.4.15-0/apache2/htdocs/yii/framework/db/ar/CActiveRecord.php(1023): CDbCommand->execute()
#1 /Applications/mappstack-5.4.15-0/apache2/htdocs/yii/framework/db/ar/CActiveRecord.php(795): CActiveRecord->insert(NULL)
#2 /Applications/mappstack-5.4.15-0/apache2/htdocs/timecontrol_v1.0/protected/controllers/UserController.php(72): CActiveRecord->save()
#3 /Applications/mappstack-5.4.15-0/apache2/htdocs/yii/framework/web/actions/CInlineAction.php(49): UserController->actionCreate()
#4 /Applications/mappstack-5.4.15-0/apache2/htdocs/yii/framework/web/CController.php(308): CInlineAction->runWithParams(Array)
#5 /Applications/mappstack-5.4.15-0/apache2/htdocs/yii/framework/web/filters/CFilterChain.php(133): CController->runAction(Object(CInlineAction))
#6 /Applications/mappstack-5.4.15-0/apache2/htdocs/yii/framework/web/filters/CFilter.php(40): CFilterChain->run()
#7 /Applications/mappstack-5.4.15-0/apache2/htdocs/yii/framework/web/CController.php(1145): CFilter->filter(Object(CFilterChain))
#8 /Applications/mappstack-5.4.15-0/apache2/htdocs/yii/framework/web/filters/CInlineFilter.php(58): CController->filterAccessControl(Object(CFilterChain))
#9 /Applications/mappstack-5.4.15-0/apache2/htdocs/yii/framework/web/filters/CFilterChain.php(130): CInlineFilter->filter(Object(CFilterChain))
#10 /Applications/mappstack-5.4.15-0/apache2/htdocs/yii/framework/web/CController.php(291): CFilterChain->run()
#11 /Applications/mappstack-5.4.15-0/apache2/htdocs/yii/framework/web/CController.php(265): CController->runActionWithFilters(Object(CInlineAction), Array)
#12 /Applications/mappstack-5.4.15-0/apache2/htdocs/yii/framework/web/CWebApplication.php(282): CController->run('create')
#13 /Applications/mappstack-5.4.15-0/apache2/htdocs/yii/framework/web/CWebApplication.php(141): CWebApplication->runController('user/create')
#14 /Applications/mappstack-5.4.15-0/apache2/htdocs/yii/framework/base/CApplication.php(169): CWebApplication->processRequest()
#15 /Applications/mappstack-5.4.15-0/apache2/htdocs/timecontrol_v1.0/index.php(13): CApplication->run()
#16 {main}
REQUEST_URI=/timecontrol_v1.0/index.php/user/create
HTTP_REFERER=http://localhost:8080/timecontrol_v1.0/index.php/user/create
---
2013/08/19 09:54:11 [warning] [application] Failed to set unsafe attribute "personid" of "User".
in /Applications/mappstack-5.4.15-0/apache2/htdocs/timecontrol_v1.0/protected/controllers/UserController.php (71)
in /Applications/mappstack-5.4.15-0/apache2/htdocs/timecontrol_v1.0/index.php (13)
2013/08/19 09:54:11 [error] [system.db.CDbCommand] CDbCommand::execute() failed: SQLSTATE[23502]: Not null violation: 7 ERROR:  null value in column "personid" violates not-null constraint
DETAIL:  Failing row contains (null, admin, ersgmbh, 1).. The SQL statement executed was: INSERT INTO "time_users" ("login", "password", "roleid") VALUES (:yp0, :yp1, :yp2).
in /Applications/mappstack-5.4.15-0/apache2/htdocs/timecontrol_v1.0/protected/controllers/UserController.php (72)
in /Applications/mappstack-5.4.15-0/apache2/htdocs/timecontrol_v1.0/index.php (13)
2013/08/19 09:54:11 [error] [exception.CDbException] exception 'CDbException' with message 'CDbCommand failed to execute the SQL statement: SQLSTATE[23502]: Not null violation: 7 ERROR:  null value in column "personid" violates not-null constraint
DETAIL:  Failing row contains (null, admin, ersgmbh, 1).. The SQL statement executed was: INSERT INTO "time_users" ("login", "password", "roleid") VALUES (:yp0, :yp1, :yp2)' in /Applications/mappstack-5.4.15-0/apache2/htdocs/yii/framework/db/CDbCommand.php:357
Stack trace:
#0 /Applications/mappstack-5.4.15-0/apache2/htdocs/yii/framework/db/ar/CActiveRecord.php(1023): CDbCommand->execute()
#1 /Applications/mappstack-5.4.15-0/apache2/htdocs/yii/framework/db/ar/CActiveRecord.php(795): CActiveRecord->insert(NULL)
#2 /Applications/mappstack-5.4.15-0/apache2/htdocs/timecontrol_v1.0/protected/controllers/UserController.php(72): CActiveRecord->save()
#3 /Applications/mappstack-5.4.15-0/apache2/htdocs/yii/framework/web/actions/CInlineAction.php(49): UserController->actionCreate()
#4 /Applications/mappstack-5.4.15-0/apache2/htdocs/yii/framework/web/CController.php(308): CInlineAction->runWithParams(Array)
#5 /Applications/mappstack-5.4.15-0/apache2/htdocs/yii/framework/web/filters/CFilterChain.php(133): CController->runAction(Object(CInlineAction))
#6 /Applications/mappstack-5.4.15-0/apache2/htdocs/yii/framework/web/filters/CFilter.php(40): CFilterChain->run()
#7 /Applications/mappstack-5.4.15-0/apache2/htdocs/yii/framework/web/CController.php(1145): CFilter->filter(Object(CFilterChain))
#8 /Applications/mappstack-5.4.15-0/apache2/htdocs/yii/framework/web/filters/CInlineFilter.php(58): CController->filterAccessControl(Object(CFilterChain))
#9 /Applications/mappstack-5.4.15-0/apache2/htdocs/yii/framework/web/filters/CFilterChain.php(130): CInlineFilter->filter(Object(CFilterChain))
#10 /Applications/mappstack-5.4.15-0/apache2/htdocs/yii/framework/web/CController.php(291): CFilterChain->run()
#11 /Applications/mappstack-5.4.15-0/apache2/htdocs/yii/framework/web/CController.php(265): CController->runActionWithFilters(Object(CInlineAction), Array)
#12 /Applications/mappstack-5.4.15-0/apache2/htdocs/yii/framework/web/CWebApplication.php(282): CController->run('create')
#13 /Applications/mappstack-5.4.15-0/apache2/htdocs/yii/framework/web/CWebApplication.php(141): CWebApplication->runController('user/create')
#14 /Applications/mappstack-5.4.15-0/apache2/htdocs/yii/framework/base/CApplication.php(169): CWebApplication->processRequest()
#15 /Applications/mappstack-5.4.15-0/apache2/htdocs/timecontrol_v1.0/index.php(13): CApplication->run()
#16 {main}
REQUEST_URI=/timecontrol_v1.0/index.php/user/create
HTTP_REFERER=http://localhost:8080/timecontrol_v1.0/index.php/user/create
---
2013/10/08 09:46:32 [error] [exception.CHttpException.403] exception 'CHttpException' with message 'You are not allowed to access this page.' in /Applications/mappstack-5.4.15-0/apache2/htdocs/yii/framework/gii/GiiModule.php:168
Stack trace:
#0 /Applications/mappstack-5.4.15-0/apache2/htdocs/yii/framework/web/CController.php(263): GiiModule->beforeControllerAction(Object(DefaultController), Object(CInlineAction))
#1 /Applications/mappstack-5.4.15-0/apache2/htdocs/yii/framework/web/CWebApplication.php(282): CController->run('')
#2 /Applications/mappstack-5.4.15-0/apache2/htdocs/yii/framework/web/CWebApplication.php(141): CWebApplication->runController('gii')
#3 /Applications/mappstack-5.4.15-0/apache2/htdocs/yii/framework/base/CApplication.php(169): CWebApplication->processRequest()
#4 /Applications/mappstack-5.4.15-0/apache2/htdocs/timecontrol_v1.0/index.php(13): CApplication->run()
#5 {main}
REQUEST_URI=/timecontrol_v1.0/index.php/gii
---
